<?xml version="1.0" encoding="UTF-8"?>
<testsuite xmlns:xsi="http://www.w3.org/2001/XMLSchema-instance" xsi:noNamespaceSchemaLocation="https://maven.apache.org/surefire/maven-surefire-plugin/xsd/surefire-test-report.xsd" name="KarateTest" time="18.95" tests="203" errors="0" skipped="0" failures="1">
  <properties>
    <property name="java.specification.version" value="18"/>
    <property name="sun.jnu.encoding" value="UTF-8"/>
    <property name="java.class.path" value="/Users/anachu/Documents/IdeaProjects/API_LAB/target/test-classes:/Users/anachu/Documents/IdeaProjects/API_LAB/target/classes:/Users/anachu/.m2/repository/com/intuit/karate/karate-apache/0.9.6/karate-apache-0.9.6.jar:/Users/anachu/.m2/repository/org/apache/httpcomponents/httpclient/4.5.12/httpclient-4.5.12.jar:/Users/anachu/.m2/repository/org/apache/httpcomponents/httpcore/4.4.13/httpcore-4.4.13.jar:/Users/anachu/.m2/repository/commons-codec/commons-codec/1.11/commons-codec-1.11.jar:/Users/anachu/.m2/repository/org/apache/httpcomponents/httpmime/4.5.12/httpmime-4.5.12.jar:/Users/anachu/.m2/repository/org/slf4j/jcl-over-slf4j/1.7.25/jcl-over-slf4j-1.7.25.jar:/Users/anachu/.m2/repository/org/slf4j/slf4j-api/1.7.25/slf4j-api-1.7.25.jar:/Users/anachu/.m2/repository/ch/qos/logback/logback-classic/1.2.3/logback-classic-1.2.3.jar:/Users/anachu/.m2/repository/ch/qos/logback/logback-core/1.2.3/logback-core-1.2.3.jar:/Users/anachu/.m2/repository/com/intuit/karate/karate-core/1.2.1.RC2/karate-core-1.2.1.RC2.jar:/Users/anachu/.m2/repository/org/graalvm/js/js-scriptengine/22.0.0.2/js-scriptengine-22.0.0.2.jar:/Users/anachu/.m2/repository/org/graalvm/sdk/graal-sdk/22.0.0.2/graal-sdk-22.0.0.2.jar:/Users/anachu/.m2/repository/org/graalvm/js/js/22.0.0.2/js-22.0.0.2.jar:/Users/anachu/.m2/repository/org/graalvm/regex/regex/22.0.0.2/regex-22.0.0.2.jar:/Users/anachu/.m2/repository/org/graalvm/truffle/truffle-api/22.0.0.2/truffle-api-22.0.0.2.jar:/Users/anachu/.m2/repository/org/thymeleaf/thymeleaf/3.0.14.RELEASE/thymeleaf-3.0.14.RELEASE.jar:/Users/anachu/.m2/repository/ognl/ognl/3.1.26/ognl-3.1.26.jar:/Users/anachu/.m2/repository/org/javassist/javassist/3.20.0-GA/javassist-3.20.0-GA.jar:/Users/anachu/.m2/repository/org/attoparser/attoparser/2.0.5.RELEASE/attoparser-2.0.5.RELEASE.jar:/Users/anachu/.m2/repository/org/unbescape/unbescape/1.1.6.RELEASE/unbescape-1.1.6.RELEASE.jar:/Users/anachu/.m2/repository/com/linecorp/armeria/armeria/1.13.4/armeria-1.13.4.jar:/Users/anachu/.m2/repository/com/fasterxml/jackson/core/jackson-core/2.13.0/jackson-core-2.13.0.jar:/Users/anachu/.m2/repository/com/fasterxml/jackson/core/jackson-annotations/2.13.0/jackson-annotations-2.13.0.jar:/Users/anachu/.m2/repository/io/micrometer/micrometer-core/1.7.6/micrometer-core-1.7.6.jar:/Users/anachu/.m2/repository/org/hdrhistogram/HdrHistogram/2.1.12/HdrHistogram-2.1.12.jar:/Users/anachu/.m2/repository/org/latencyutils/LatencyUtils/2.0.3/LatencyUtils-2.0.3.jar:/Users/anachu/.m2/repository/io/netty/netty-transport/4.1.70.Final/netty-transport-4.1.70.Final.jar:/Users/anachu/.m2/repository/io/netty/netty-common/4.1.70.Final/netty-common-4.1.70.Final.jar:/Users/anachu/.m2/repository/io/netty/netty-buffer/4.1.70.Final/netty-buffer-4.1.70.Final.jar:/Users/anachu/.m2/repository/io/netty/netty-resolver/4.1.70.Final/netty-resolver-4.1.70.Final.jar:/Users/anachu/.m2/repository/io/netty/netty-codec-http2/4.1.70.Final/netty-codec-http2-4.1.70.Final.jar:/Users/anachu/.m2/repository/io/netty/netty-codec/4.1.70.Final/netty-codec-4.1.70.Final.jar:/Users/anachu/.m2/repository/io/netty/netty-handler/4.1.70.Final/netty-handler-4.1.70.Final.jar:/Users/anachu/.m2/repository/io/netty/netty-codec-http/4.1.70.Final/netty-codec-http-4.1.70.Final.jar:/Users/anachu/.m2/repository/io/netty/netty-codec-haproxy/4.1.70.Final/netty-codec-haproxy-4.1.70.Final.jar:/Users/anachu/.m2/repository/io/netty/netty-resolver-dns/4.1.70.Final/netty-resolver-dns-4.1.70.Final.jar:/Users/anachu/.m2/repository/io/netty/netty-codec-dns/4.1.70.Final/netty-codec-dns-4.1.70.Final.jar:/Users/anachu/.m2/repository/org/reactivestreams/reactive-streams/1.0.3/reactive-streams-1.0.3.jar:/Users/anachu/.m2/repository/com/google/code/findbugs/jsr305/3.0.2/jsr305-3.0.2.jar:/Users/anachu/.m2/repository/io/netty/netty-resolver-dns-native-macos/4.1.70.Final/netty-resolver-dns-native-macos-4.1.70.Final-osx-x86_64.jar:/Users/anachu/.m2/repository/io/netty/netty-resolver-dns-classes-macos/4.1.70.Final/netty-resolver-dns-classes-macos-4.1.70.Final.jar:/Users/anachu/.m2/repository/io/netty/netty-transport-native-unix-common/4.1.70.Final/netty-transport-native-unix-common-4.1.70.Final-linux-x86_64.jar:/Users/anachu/.m2/repository/io/netty/netty-transport-native-epoll/4.1.70.Final/netty-transport-native-epoll-4.1.70.Final-linux-x86_64.jar:/Users/anachu/.m2/repository/io/netty/netty-transport-native-unix-common/4.1.70.Final/netty-transport-native-unix-common-4.1.70.Final.jar:/Users/anachu/.m2/repository/io/netty/netty-transport-classes-epoll/4.1.70.Final/netty-transport-classes-epoll-4.1.70.Final.jar:/Users/anachu/.m2/repository/io/netty/netty-tcnative-boringssl-static/2.0.44.Final/netty-tcnative-boringssl-static-2.0.44.Final.jar:/Users/anachu/.m2/repository/io/netty/netty-handler-proxy/4.1.70.Final/netty-handler-proxy-4.1.70.Final.jar:/Users/anachu/.m2/repository/io/netty/netty-codec-socks/4.1.70.Final/netty-codec-socks-4.1.70.Final.jar:/Users/anachu/.m2/repository/com/aayushatharva/brotli4j/brotli4j/1.6.0/brotli4j-1.6.0.jar:/Users/anachu/.m2/repository/com/aayushatharva/brotli4j/native-osx-x86_64/1.6.0/native-osx-x86_64-1.6.0.jar:/Users/anachu/.m2/repository/org/antlr/antlr4-runtime/4.9.2/antlr4-runtime-4.9.2.jar:/Users/anachu/.m2/repository/com/jayway/jsonpath/json-path/2.7.0/json-path-2.7.0.jar:/Users/anachu/.m2/repository/net/minidev/json-smart/2.4.7/json-smart-2.4.7.jar:/Users/anachu/.m2/repository/net/minidev/accessors-smart/2.4.7/accessors-smart-2.4.7.jar:/Users/anachu/.m2/repository/org/ow2/asm/asm/9.1/asm-9.1.jar:/Users/anachu/.m2/repository/info/cukes/cucumber-java/1.2.5/cucumber-java-1.2.5.jar:/Users/anachu/.m2/repository/info/cukes/cucumber-core/1.2.5/cucumber-core-1.2.5.jar:/Users/anachu/.m2/repository/org/yaml/snakeyaml/1.29/snakeyaml-1.29.jar:/Users/anachu/.m2/repository/de/siegmar/fastcsv/2.0.0/fastcsv-2.0.0.jar:/Users/anachu/.m2/repository/info/picocli/picocli/4.6.1/picocli-4.6.1.jar:/Users/anachu/.m2/repository/io/github/classgraph/classgraph/4.8.108/classgraph-4.8.108.jar:/Users/anachu/.m2/repository/org/junit/jupiter/junit-jupiter-engine/5.7.0/junit-jupiter-engine-5.7.0.jar:/Users/anachu/.m2/repository/org/apiguardian/apiguardian-api/1.1.0/apiguardian-api-1.1.0.jar:/Users/anachu/.m2/repository/org/junit/platform/junit-platform-engine/1.7.0/junit-platform-engine-1.7.0.jar:/Users/anachu/.m2/repository/org/opentest4j/opentest4j/1.2.0/opentest4j-1.2.0.jar:/Users/anachu/.m2/repository/org/junit/platform/junit-platform-commons/1.7.0/junit-platform-commons-1.7.0.jar:/Users/anachu/.m2/repository/org/junit/jupiter/junit-jupiter-api/5.7.0/junit-jupiter-api-5.7.0.jar:/Users/anachu/.m2/repository/org/junit/vintage/junit-vintage-engine/5.7.0/junit-vintage-engine-5.7.0.jar:/Users/anachu/.m2/repository/junit/junit/4.13/junit-4.13.jar:/Users/anachu/.m2/repository/org/hamcrest/hamcrest-core/1.3/hamcrest-core-1.3.jar:/Users/anachu/.m2/repository/org/junit/platform/junit-platform-launcher/1.8.2/junit-platform-launcher-1.8.2.jar:/Users/anachu/.m2/repository/com/intuit/karate/karate-junit5/1.2.1.RC2/karate-junit5-1.2.1.RC2.jar:/Users/anachu/.m2/repository/com/intuit/karate/karate-gatling/1.2.1.RC2/karate-gatling-1.2.1.RC2.jar:/Users/anachu/.m2/repository/io/gatling/highcharts/gatling-charts-highcharts/3.7.4/gatling-charts-highcharts-3.7.4.jar:/Users/anachu/.m2/repository/io/gatling/gatling-app/3.7.4/gatling-app-3.7.4.jar:/Users/anachu/.m2/repository/io/gatling/gatling-core/3.7.4/gatling-core-3.7.4.jar:/Users/anachu/.m2/repository/io/gatling/gatling-commons/3.7.4/gatling-commons-3.7.4.jar:/Users/anachu/.m2/repository/io/gatling/gatling-commons-shared/3.7.4/gatling-commons-shared-3.7.4.jar:/Users/anachu/.m2/repository/org/scala-lang/scala-reflect/2.13.8/scala-reflect-2.13.8.jar:/Users/anachu/.m2/repository/io/suzaku/boopickle_2.13/1.3.3/boopickle_2.13-1.3.3.jar:/Users/anachu/.m2/repository/io/gatling/gatling-commons-shared-unstable/3.7.4/gatling-commons-shared-unstable-3.7.4.jar:/Users/anachu/.m2/repository/org/typelevel/spire-macros_2.13/0.17.0/spire-macros_2.13-0.17.0.jar:/Users/anachu/.m2/repository/com/typesafe/scala-logging/scala-logging_2.13/3.9.4/scala-logging_2.13-3.9.4.jar:/Users/anachu/.m2/repository/io/gatling/gatling-jsonpath/3.7.4/gatling-jsonpath-3.7.4.jar:/Users/anachu/.m2/repository/com/typesafe/akka/akka-slf4j_2.13/2.6.18/akka-slf4j_2.13-2.6.18.jar:/Users/anachu/.m2/repository/org/simpleflatmapper/lightning-csv/8.2.3/lightning-csv-8.2.3.jar:/Users/anachu/.m2/repository/org/simpleflatmapper/sfm-util/8.2.3/sfm-util-8.2.3.jar:/Users/anachu/.m2/repository/com/github/ben-manes/caffeine/caffeine/2.9.3/caffeine-2.9.3.jar:/Users/anachu/.m2/repository/io/pebbletemplates/pebble/3.1.5/pebble-3.1.5.jar:/Users/anachu/.m2/repository/org/scala-lang/modules/scala-parser-combinators_2.13/2.1.0/scala-parser-combinators_2.13-2.1.0.jar:/Users/anachu/.m2/repository/com/github/scopt/scopt_2.13/3.7.1/scopt_2.13-3.7.1.jar:/Users/anachu/.m2/repository/com/softwaremill/quicklens/quicklens_2.13/1.8.2/quicklens_2.13-1.8.2.jar:/Users/anachu/.m2/repository/net/sf/saxon/Saxon-HE/10.6/Saxon-HE-10.6.jar:/Users/anachu/.m2/repository/org/jodd/jodd-lagarto/6.0.5/jodd-lagarto-6.0.5.jar:/Users/anachu/.m2/repository/org/jodd/jodd-util/6.0.1/jodd-util-6.0.1.jar:/Users/anachu/.m2/repository/io/burt/jmespath-jackson/0.5.1/jmespath-jackson-0.5.1.jar:/Users/anachu/.m2/repository/io/burt/jmespath-core/0.5.1/jmespath-core-0.5.1.jar:/Users/anachu/.m2/repository/io/gatling/gatling-core-java/3.7.4/gatling-core-java-3.7.4.jar:/Users/anachu/.m2/repository/net/jodah/typetools/0.6.3/typetools-0.6.3.jar:/Users/anachu/.m2/repository/io/gatling/gatling-http/3.7.4/gatling-http-3.7.4.jar:/Users/anachu/.m2/repository/io/gatling/gatling-http-client/3.7.4/gatling-http-client-3.7.4.jar:/Users/anachu/.m2/repository/com/aayushatharva/brotli4j/native-linux-x86_64/1.6.0/native-linux-x86_64-1.6.0.jar:/Users/anachu/.m2/repository/com/aayushatharva/brotli4j/native-linux-aarch64/1.6.0/native-linux-aarch64-1.6.0.jar:/Users/anachu/.m2/repository/com/aayushatharva/brotli4j/native-windows-x86_64/1.6.0/native-windows-x86_64-1.6.0.jar:/Users/anachu/.m2/repository/io/gatling/gatling-http-java/3.7.4/gatling-http-java-3.7.4.jar:/Users/anachu/.m2/repository/io/gatling/gatling-jms/3.7.4/gatling-jms-3.7.4.jar:/Users/anachu/.m2/repository/javax/jms/javax.jms-api/2.0.1/javax.jms-api-2.0.1.jar:/Users/anachu/.m2/repository/com/eatthepath/fast-uuid/0.2.0/fast-uuid-0.2.0.jar:/Users/anachu/.m2/repository/io/gatling/gatling-jms-java/3.7.4/gatling-jms-java-3.7.4.jar:/Users/anachu/.m2/repository/io/gatling/gatling-mqtt/3.7.4/gatling-mqtt-3.7.4.jar:/Users/anachu/.m2/repository/io/gatling/gatling-netty-util/3.7.4/gatling-netty-util-3.7.4.jar:/Users/anachu/.m2/repository/io/netty/netty-codec-mqtt/4.1.73.Final/netty-codec-mqtt-4.1.73.Final.jar:/Users/anachu/.m2/repository/io/netty/netty-transport-native-epoll/4.1.73.Final/netty-transport-native-epoll-4.1.73.Final-linux-aarch_64.jar:/Users/anachu/.m2/repository/io/gatling/gatling-mqtt-java/3.7.4/gatling-mqtt-java-3.7.4.jar:/Users/anachu/.m2/repository/io/gatling/gatling-jdbc/3.7.4/gatling-jdbc-3.7.4.jar:/Users/anachu/.m2/repository/io/gatling/gatling-jdbc-java/3.7.4/gatling-jdbc-java-3.7.4.jar:/Users/anachu/.m2/repository/io/gatling/gatling-redis/3.7.4/gatling-redis-3.7.4.jar:/Users/anachu/.m2/repository/net/debasishg/redisclient_2.13/3.42/redisclient_2.13-3.42.jar:/Users/anachu/.m2/repository/org/apache/commons/commons-pool2/2.8.0/commons-pool2-2.8.0.jar:/Users/anachu/.m2/repository/io/gatling/gatling-redis-java/3.7.4/gatling-redis-java-3.7.4.jar:/Users/anachu/.m2/repository/io/gatling/gatling-graphite/3.7.4/gatling-graphite-3.7.4.jar:/Users/anachu/.m2/repository/io/gatling/gatling-charts/3.7.4/gatling-charts-3.7.4.jar:/Users/anachu/.m2/repository/com/tdunning/t-digest/3.1/t-digest-3.1.jar:/Users/anachu/.m2/repository/io/gatling/gatling-recorder/3.7.4/gatling-recorder-3.7.4.jar:/Users/anachu/.m2/repository/org/scala-lang/modules/scala-swing_2.13/3.0.0/scala-swing_2.13-3.0.0.jar:/Users/anachu/.m2/repository/org/bouncycastle/bcpkix-jdk15on/1.70/bcpkix-jdk15on-1.70.jar:/Users/anachu/.m2/repository/org/bouncycastle/bcprov-jdk15on/1.70/bcprov-jdk15on-1.70.jar:/Users/anachu/.m2/repository/org/bouncycastle/bcutil-jdk15on/1.70/bcutil-jdk15on-1.70.jar:/Users/anachu/.m2/repository/com/typesafe/akka/akka-actor_2.13/2.6.18/akka-actor_2.13-2.6.18.jar:/Users/anachu/.m2/repository/com/typesafe/config/1.4.0/config-1.4.0.jar:/Users/anachu/.m2/repository/org/scala-lang/modules/scala-java8-compat_2.13/1.0.0/scala-java8-compat_2.13-1.0.0.jar:/Users/anachu/.m2/repository/org/scala-lang/scala-library/2.13.8/scala-library-2.13.8.jar:/Users/anachu/.m2/repository/net/masterthought/cucumber-reporting/5.3.0/cucumber-reporting-5.3.0.jar:/Users/anachu/.m2/repository/com/fasterxml/jackson/core/jackson-databind/2.10.1/jackson-databind-2.10.1.jar:/Users/anachu/.m2/repository/com/fasterxml/jackson/datatype/jackson-datatype-jsr310/2.10.1/jackson-datatype-jsr310-2.10.1.jar:/Users/anachu/.m2/repository/org/apache/velocity/velocity-engine-core/2.1/velocity-engine-core-2.1.jar:/Users/anachu/.m2/repository/commons-collections/commons-collections/3.2.2/commons-collections-3.2.2.jar:/Users/anachu/.m2/repository/joda-time/joda-time/2.10.5/joda-time-2.10.5.jar:/Users/anachu/.m2/repository/org/apache/commons/commons-lang3/3.9/commons-lang3-3.9.jar:/Users/anachu/.m2/repository/commons-io/commons-io/2.6/commons-io-2.6.jar:/Users/anachu/.m2/repository/org/codehaus/plexus/plexus-utils/3.3.0/plexus-utils-3.3.0.jar:/Users/anachu/.m2/repository/org/jsoup/jsoup/1.12.1/jsoup-1.12.1.jar:/Users/anachu/.m2/repository/com/googlecode/owasp-java-html-sanitizer/owasp-java-html-sanitizer/20191001.1/owasp-java-html-sanitizer-20191001.1.jar:/Users/anachu/.m2/repository/com/google/guava/guava/27.1-jre/guava-27.1-jre.jar:/Users/anachu/.m2/repository/com/google/guava/failureaccess/1.0.1/failureaccess-1.0.1.jar:/Users/anachu/.m2/repository/com/google/guava/listenablefuture/9999.0-empty-to-avoid-conflict-with-guava/listenablefuture-9999.0-empty-to-avoid-conflict-with-guava.jar:/Users/anachu/.m2/repository/org/checkerframework/checker-qual/2.5.2/checker-qual-2.5.2.jar:/Users/anachu/.m2/repository/com/google/errorprone/error_prone_annotations/2.2.0/error_prone_annotations-2.2.0.jar:/Users/anachu/.m2/repository/com/google/j2objc/j2objc-annotations/1.1/j2objc-annotations-1.1.jar:/Users/anachu/.m2/repository/org/codehaus/mojo/animal-sniffer-annotations/1.17/animal-sniffer-annotations-1.17.jar:/Users/anachu/.m2/repository/commons-configuration/commons-configuration/1.10/commons-configuration-1.10.jar:/Users/anachu/.m2/repository/commons-lang/commons-lang/2.6/commons-lang-2.6.jar:/Users/anachu/.m2/repository/commons-logging/commons-logging/1.1.1/commons-logging-1.1.1.jar:/Users/anachu/.m2/repository/com/github/javafaker/javafaker/1.0.2/javafaker-1.0.2.jar:/Users/anachu/.m2/repository/org/yaml/snakeyaml/1.23/snakeyaml-1.23-android.jar:/Users/anachu/.m2/repository/com/github/mifmif/generex/1.0.2/generex-1.0.2.jar:/Users/anachu/.m2/repository/dk/brics/automaton/automaton/1.11-8/automaton-1.11-8.jar:"/>
    <property name="java.vm.vendor" value="Homebrew"/>
    <property name="sun.arch.data.model" value="64"/>
    <property name="java.vendor.url" value="https://github.com/Homebrew/homebrew-core/issues"/>
    <property name="os.name" value="Mac OS X"/>
    <property name="java.vm.specification.version" value="18"/>
    <property name="sun.java.launcher" value="SUN_STANDARD"/>
    <property name="user.country" value="AU"/>
    <property name="sun.boot.library.path" value="/usr/local/Cellar/openjdk/18.0.1/libexec/openjdk.jdk/Contents/Home/lib"/>
    <property name="sun.java.command" value="/Users/anachu/Documents/IdeaProjects/API_LAB/target/surefire/surefirebooter8363376132160915395.jar /Users/anachu/Documents/IdeaProjects/API_LAB/target/surefire 2022-06-28T12-17-52_184-jvmRun1 surefire12997203824642970973tmp surefire_013524874126164968188tmp"/>
    <property name="jdk.debug" value="release"/>
    <property name="surefire.test.class.path" value="/Users/anachu/Documents/IdeaProjects/API_LAB/target/test-classes:/Users/anachu/Documents/IdeaProjects/API_LAB/target/classes:/Users/anachu/.m2/repository/com/intuit/karate/karate-apache/0.9.6/karate-apache-0.9.6.jar:/Users/anachu/.m2/repository/org/apache/httpcomponents/httpclient/4.5.12/httpclient-4.5.12.jar:/Users/anachu/.m2/repository/org/apache/httpcomponents/httpcore/4.4.13/httpcore-4.4.13.jar:/Users/anachu/.m2/repository/commons-codec/commons-codec/1.11/commons-codec-1.11.jar:/Users/anachu/.m2/repository/org/apache/httpcomponents/httpmime/4.5.12/httpmime-4.5.12.jar:/Users/anachu/.m2/repository/org/slf4j/jcl-over-slf4j/1.7.25/jcl-over-slf4j-1.7.25.jar:/Users/anachu/.m2/repository/org/slf4j/slf4j-api/1.7.25/slf4j-api-1.7.25.jar:/Users/anachu/.m2/repository/ch/qos/logback/logback-classic/1.2.3/logback-classic-1.2.3.jar:/Users/anachu/.m2/repository/ch/qos/logback/logback-core/1.2.3/logback-core-1.2.3.jar:/Users/anachu/.m2/repository/com/intuit/karate/karate-core/1.2.1.RC2/karate-core-1.2.1.RC2.jar:/Users/anachu/.m2/repository/org/graalvm/js/js-scriptengine/22.0.0.2/js-scriptengine-22.0.0.2.jar:/Users/anachu/.m2/repository/org/graalvm/sdk/graal-sdk/22.0.0.2/graal-sdk-22.0.0.2.jar:/Users/anachu/.m2/repository/org/graalvm/js/js/22.0.0.2/js-22.0.0.2.jar:/Users/anachu/.m2/repository/org/graalvm/regex/regex/22.0.0.2/regex-22.0.0.2.jar:/Users/anachu/.m2/repository/org/graalvm/truffle/truffle-api/22.0.0.2/truffle-api-22.0.0.2.jar:/Users/anachu/.m2/repository/org/thymeleaf/thymeleaf/3.0.14.RELEASE/thymeleaf-3.0.14.RELEASE.jar:/Users/anachu/.m2/repository/ognl/ognl/3.1.26/ognl-3.1.26.jar:/Users/anachu/.m2/repository/org/javassist/javassist/3.20.0-GA/javassist-3.20.0-GA.jar:/Users/anachu/.m2/repository/org/attoparser/attoparser/2.0.5.RELEASE/attoparser-2.0.5.RELEASE.jar:/Users/anachu/.m2/repository/org/unbescape/unbescape/1.1.6.RELEASE/unbescape-1.1.6.RELEASE.jar:/Users/anachu/.m2/repository/com/linecorp/armeria/armeria/1.13.4/armeria-1.13.4.jar:/Users/anachu/.m2/repository/com/fasterxml/jackson/core/jackson-core/2.13.0/jackson-core-2.13.0.jar:/Users/anachu/.m2/repository/com/fasterxml/jackson/core/jackson-annotations/2.13.0/jackson-annotations-2.13.0.jar:/Users/anachu/.m2/repository/io/micrometer/micrometer-core/1.7.6/micrometer-core-1.7.6.jar:/Users/anachu/.m2/repository/org/hdrhistogram/HdrHistogram/2.1.12/HdrHistogram-2.1.12.jar:/Users/anachu/.m2/repository/org/latencyutils/LatencyUtils/2.0.3/LatencyUtils-2.0.3.jar:/Users/anachu/.m2/repository/io/netty/netty-transport/4.1.70.Final/netty-transport-4.1.70.Final.jar:/Users/anachu/.m2/repository/io/netty/netty-common/4.1.70.Final/netty-common-4.1.70.Final.jar:/Users/anachu/.m2/repository/io/netty/netty-buffer/4.1.70.Final/netty-buffer-4.1.70.Final.jar:/Users/anachu/.m2/repository/io/netty/netty-resolver/4.1.70.Final/netty-resolver-4.1.70.Final.jar:/Users/anachu/.m2/repository/io/netty/netty-codec-http2/4.1.70.Final/netty-codec-http2-4.1.70.Final.jar:/Users/anachu/.m2/repository/io/netty/netty-codec/4.1.70.Final/netty-codec-4.1.70.Final.jar:/Users/anachu/.m2/repository/io/netty/netty-handler/4.1.70.Final/netty-handler-4.1.70.Final.jar:/Users/anachu/.m2/repository/io/netty/netty-codec-http/4.1.70.Final/netty-codec-http-4.1.70.Final.jar:/Users/anachu/.m2/repository/io/netty/netty-codec-haproxy/4.1.70.Final/netty-codec-haproxy-4.1.70.Final.jar:/Users/anachu/.m2/repository/io/netty/netty-resolver-dns/4.1.70.Final/netty-resolver-dns-4.1.70.Final.jar:/Users/anachu/.m2/repository/io/netty/netty-codec-dns/4.1.70.Final/netty-codec-dns-4.1.70.Final.jar:/Users/anachu/.m2/repository/org/reactivestreams/reactive-streams/1.0.3/reactive-streams-1.0.3.jar:/Users/anachu/.m2/repository/com/google/code/findbugs/jsr305/3.0.2/jsr305-3.0.2.jar:/Users/anachu/.m2/repository/io/netty/netty-resolver-dns-native-macos/4.1.70.Final/netty-resolver-dns-native-macos-4.1.70.Final-osx-x86_64.jar:/Users/anachu/.m2/repository/io/netty/netty-resolver-dns-classes-macos/4.1.70.Final/netty-resolver-dns-classes-macos-4.1.70.Final.jar:/Users/anachu/.m2/repository/io/netty/netty-transport-native-unix-common/4.1.70.Final/netty-transport-native-unix-common-4.1.70.Final-linux-x86_64.jar:/Users/anachu/.m2/repository/io/netty/netty-transport-native-epoll/4.1.70.Final/netty-transport-native-epoll-4.1.70.Final-linux-x86_64.jar:/Users/anachu/.m2/repository/io/netty/netty-transport-native-unix-common/4.1.70.Final/netty-transport-native-unix-common-4.1.70.Final.jar:/Users/anachu/.m2/repository/io/netty/netty-transport-classes-epoll/4.1.70.Final/netty-transport-classes-epoll-4.1.70.Final.jar:/Users/anachu/.m2/repository/io/netty/netty-tcnative-boringssl-static/2.0.44.Final/netty-tcnative-boringssl-static-2.0.44.Final.jar:/Users/anachu/.m2/repository/io/netty/netty-handler-proxy/4.1.70.Final/netty-handler-proxy-4.1.70.Final.jar:/Users/anachu/.m2/repository/io/netty/netty-codec-socks/4.1.70.Final/netty-codec-socks-4.1.70.Final.jar:/Users/anachu/.m2/repository/com/aayushatharva/brotli4j/brotli4j/1.6.0/brotli4j-1.6.0.jar:/Users/anachu/.m2/repository/com/aayushatharva/brotli4j/native-osx-x86_64/1.6.0/native-osx-x86_64-1.6.0.jar:/Users/anachu/.m2/repository/org/antlr/antlr4-runtime/4.9.2/antlr4-runtime-4.9.2.jar:/Users/anachu/.m2/repository/com/jayway/jsonpath/json-path/2.7.0/json-path-2.7.0.jar:/Users/anachu/.m2/repository/net/minidev/json-smart/2.4.7/json-smart-2.4.7.jar:/Users/anachu/.m2/repository/net/minidev/accessors-smart/2.4.7/accessors-smart-2.4.7.jar:/Users/anachu/.m2/repository/org/ow2/asm/asm/9.1/asm-9.1.jar:/Users/anachu/.m2/repository/info/cukes/cucumber-java/1.2.5/cucumber-java-1.2.5.jar:/Users/anachu/.m2/repository/info/cukes/cucumber-core/1.2.5/cucumber-core-1.2.5.jar:/Users/anachu/.m2/repository/org/yaml/snakeyaml/1.29/snakeyaml-1.29.jar:/Users/anachu/.m2/repository/de/siegmar/fastcsv/2.0.0/fastcsv-2.0.0.jar:/Users/anachu/.m2/repository/info/picocli/picocli/4.6.1/picocli-4.6.1.jar:/Users/anachu/.m2/repository/io/github/classgraph/classgraph/4.8.108/classgraph-4.8.108.jar:/Users/anachu/.m2/repository/org/junit/jupiter/junit-jupiter-engine/5.7.0/junit-jupiter-engine-5.7.0.jar:/Users/anachu/.m2/repository/org/apiguardian/apiguardian-api/1.1.0/apiguardian-api-1.1.0.jar:/Users/anachu/.m2/repository/org/junit/platform/junit-platform-engine/1.7.0/junit-platform-engine-1.7.0.jar:/Users/anachu/.m2/repository/org/opentest4j/opentest4j/1.2.0/opentest4j-1.2.0.jar:/Users/anachu/.m2/repository/org/junit/platform/junit-platform-commons/1.7.0/junit-platform-commons-1.7.0.jar:/Users/anachu/.m2/repository/org/junit/jupiter/junit-jupiter-api/5.7.0/junit-jupiter-api-5.7.0.jar:/Users/anachu/.m2/repository/org/junit/vintage/junit-vintage-engine/5.7.0/junit-vintage-engine-5.7.0.jar:/Users/anachu/.m2/repository/junit/junit/4.13/junit-4.13.jar:/Users/anachu/.m2/repository/org/hamcrest/hamcrest-core/1.3/hamcrest-core-1.3.jar:/Users/anachu/.m2/repository/org/junit/platform/junit-platform-launcher/1.8.2/junit-platform-launcher-1.8.2.jar:/Users/anachu/.m2/repository/com/intuit/karate/karate-junit5/1.2.1.RC2/karate-junit5-1.2.1.RC2.jar:/Users/anachu/.m2/repository/com/intuit/karate/karate-gatling/1.2.1.RC2/karate-gatling-1.2.1.RC2.jar:/Users/anachu/.m2/repository/io/gatling/highcharts/gatling-charts-highcharts/3.7.4/gatling-charts-highcharts-3.7.4.jar:/Users/anachu/.m2/repository/io/gatling/gatling-app/3.7.4/gatling-app-3.7.4.jar:/Users/anachu/.m2/repository/io/gatling/gatling-core/3.7.4/gatling-core-3.7.4.jar:/Users/anachu/.m2/repository/io/gatling/gatling-commons/3.7.4/gatling-commons-3.7.4.jar:/Users/anachu/.m2/repository/io/gatling/gatling-commons-shared/3.7.4/gatling-commons-shared-3.7.4.jar:/Users/anachu/.m2/repository/org/scala-lang/scala-reflect/2.13.8/scala-reflect-2.13.8.jar:/Users/anachu/.m2/repository/io/suzaku/boopickle_2.13/1.3.3/boopickle_2.13-1.3.3.jar:/Users/anachu/.m2/repository/io/gatling/gatling-commons-shared-unstable/3.7.4/gatling-commons-shared-unstable-3.7.4.jar:/Users/anachu/.m2/repository/org/typelevel/spire-macros_2.13/0.17.0/spire-macros_2.13-0.17.0.jar:/Users/anachu/.m2/repository/com/typesafe/scala-logging/scala-logging_2.13/3.9.4/scala-logging_2.13-3.9.4.jar:/Users/anachu/.m2/repository/io/gatling/gatling-jsonpath/3.7.4/gatling-jsonpath-3.7.4.jar:/Users/anachu/.m2/repository/com/typesafe/akka/akka-slf4j_2.13/2.6.18/akka-slf4j_2.13-2.6.18.jar:/Users/anachu/.m2/repository/org/simpleflatmapper/lightning-csv/8.2.3/lightning-csv-8.2.3.jar:/Users/anachu/.m2/repository/org/simpleflatmapper/sfm-util/8.2.3/sfm-util-8.2.3.jar:/Users/anachu/.m2/repository/com/github/ben-manes/caffeine/caffeine/2.9.3/caffeine-2.9.3.jar:/Users/anachu/.m2/repository/io/pebbletemplates/pebble/3.1.5/pebble-3.1.5.jar:/Users/anachu/.m2/repository/org/scala-lang/modules/scala-parser-combinators_2.13/2.1.0/scala-parser-combinators_2.13-2.1.0.jar:/Users/anachu/.m2/repository/com/github/scopt/scopt_2.13/3.7.1/scopt_2.13-3.7.1.jar:/Users/anachu/.m2/repository/com/softwaremill/quicklens/quicklens_2.13/1.8.2/quicklens_2.13-1.8.2.jar:/Users/anachu/.m2/repository/net/sf/saxon/Saxon-HE/10.6/Saxon-HE-10.6.jar:/Users/anachu/.m2/repository/org/jodd/jodd-lagarto/6.0.5/jodd-lagarto-6.0.5.jar:/Users/anachu/.m2/repository/org/jodd/jodd-util/6.0.1/jodd-util-6.0.1.jar:/Users/anachu/.m2/repository/io/burt/jmespath-jackson/0.5.1/jmespath-jackson-0.5.1.jar:/Users/anachu/.m2/repository/io/burt/jmespath-core/0.5.1/jmespath-core-0.5.1.jar:/Users/anachu/.m2/repository/io/gatling/gatling-core-java/3.7.4/gatling-core-java-3.7.4.jar:/Users/anachu/.m2/repository/net/jodah/typetools/0.6.3/typetools-0.6.3.jar:/Users/anachu/.m2/repository/io/gatling/gatling-http/3.7.4/gatling-http-3.7.4.jar:/Users/anachu/.m2/repository/io/gatling/gatling-http-client/3.7.4/gatling-http-client-3.7.4.jar:/Users/anachu/.m2/repository/com/aayushatharva/brotli4j/native-linux-x86_64/1.6.0/native-linux-x86_64-1.6.0.jar:/Users/anachu/.m2/repository/com/aayushatharva/brotli4j/native-linux-aarch64/1.6.0/native-linux-aarch64-1.6.0.jar:/Users/anachu/.m2/repository/com/aayushatharva/brotli4j/native-windows-x86_64/1.6.0/native-windows-x86_64-1.6.0.jar:/Users/anachu/.m2/repository/io/gatling/gatling-http-java/3.7.4/gatling-http-java-3.7.4.jar:/Users/anachu/.m2/repository/io/gatling/gatling-jms/3.7.4/gatling-jms-3.7.4.jar:/Users/anachu/.m2/repository/javax/jms/javax.jms-api/2.0.1/javax.jms-api-2.0.1.jar:/Users/anachu/.m2/repository/com/eatthepath/fast-uuid/0.2.0/fast-uuid-0.2.0.jar:/Users/anachu/.m2/repository/io/gatling/gatling-jms-java/3.7.4/gatling-jms-java-3.7.4.jar:/Users/anachu/.m2/repository/io/gatling/gatling-mqtt/3.7.4/gatling-mqtt-3.7.4.jar:/Users/anachu/.m2/repository/io/gatling/gatling-netty-util/3.7.4/gatling-netty-util-3.7.4.jar:/Users/anachu/.m2/repository/io/netty/netty-codec-mqtt/4.1.73.Final/netty-codec-mqtt-4.1.73.Final.jar:/Users/anachu/.m2/repository/io/netty/netty-transport-native-epoll/4.1.73.Final/netty-transport-native-epoll-4.1.73.Final-linux-aarch_64.jar:/Users/anachu/.m2/repository/io/gatling/gatling-mqtt-java/3.7.4/gatling-mqtt-java-3.7.4.jar:/Users/anachu/.m2/repository/io/gatling/gatling-jdbc/3.7.4/gatling-jdbc-3.7.4.jar:/Users/anachu/.m2/repository/io/gatling/gatling-jdbc-java/3.7.4/gatling-jdbc-java-3.7.4.jar:/Users/anachu/.m2/repository/io/gatling/gatling-redis/3.7.4/gatling-redis-3.7.4.jar:/Users/anachu/.m2/repository/net/debasishg/redisclient_2.13/3.42/redisclient_2.13-3.42.jar:/Users/anachu/.m2/repository/org/apache/commons/commons-pool2/2.8.0/commons-pool2-2.8.0.jar:/Users/anachu/.m2/repository/io/gatling/gatling-redis-java/3.7.4/gatling-redis-java-3.7.4.jar:/Users/anachu/.m2/repository/io/gatling/gatling-graphite/3.7.4/gatling-graphite-3.7.4.jar:/Users/anachu/.m2/repository/io/gatling/gatling-charts/3.7.4/gatling-charts-3.7.4.jar:/Users/anachu/.m2/repository/com/tdunning/t-digest/3.1/t-digest-3.1.jar:/Users/anachu/.m2/repository/io/gatling/gatling-recorder/3.7.4/gatling-recorder-3.7.4.jar:/Users/anachu/.m2/repository/org/scala-lang/modules/scala-swing_2.13/3.0.0/scala-swing_2.13-3.0.0.jar:/Users/anachu/.m2/repository/org/bouncycastle/bcpkix-jdk15on/1.70/bcpkix-jdk15on-1.70.jar:/Users/anachu/.m2/repository/org/bouncycastle/bcprov-jdk15on/1.70/bcprov-jdk15on-1.70.jar:/Users/anachu/.m2/repository/org/bouncycastle/bcutil-jdk15on/1.70/bcutil-jdk15on-1.70.jar:/Users/anachu/.m2/repository/com/typesafe/akka/akka-actor_2.13/2.6.18/akka-actor_2.13-2.6.18.jar:/Users/anachu/.m2/repository/com/typesafe/config/1.4.0/config-1.4.0.jar:/Users/anachu/.m2/repository/org/scala-lang/modules/scala-java8-compat_2.13/1.0.0/scala-java8-compat_2.13-1.0.0.jar:/Users/anachu/.m2/repository/org/scala-lang/scala-library/2.13.8/scala-library-2.13.8.jar:/Users/anachu/.m2/repository/net/masterthought/cucumber-reporting/5.3.0/cucumber-reporting-5.3.0.jar:/Users/anachu/.m2/repository/com/fasterxml/jackson/core/jackson-databind/2.10.1/jackson-databind-2.10.1.jar:/Users/anachu/.m2/repository/com/fasterxml/jackson/datatype/jackson-datatype-jsr310/2.10.1/jackson-datatype-jsr310-2.10.1.jar:/Users/anachu/.m2/repository/org/apache/velocity/velocity-engine-core/2.1/velocity-engine-core-2.1.jar:/Users/anachu/.m2/repository/commons-collections/commons-collections/3.2.2/commons-collections-3.2.2.jar:/Users/anachu/.m2/repository/joda-time/joda-time/2.10.5/joda-time-2.10.5.jar:/Users/anachu/.m2/repository/org/apache/commons/commons-lang3/3.9/commons-lang3-3.9.jar:/Users/anachu/.m2/repository/commons-io/commons-io/2.6/commons-io-2.6.jar:/Users/anachu/.m2/repository/org/codehaus/plexus/plexus-utils/3.3.0/plexus-utils-3.3.0.jar:/Users/anachu/.m2/repository/org/jsoup/jsoup/1.12.1/jsoup-1.12.1.jar:/Users/anachu/.m2/repository/com/googlecode/owasp-java-html-sanitizer/owasp-java-html-sanitizer/20191001.1/owasp-java-html-sanitizer-20191001.1.jar:/Users/anachu/.m2/repository/com/google/guava/guava/27.1-jre/guava-27.1-jre.jar:/Users/anachu/.m2/repository/com/google/guava/failureaccess/1.0.1/failureaccess-1.0.1.jar:/Users/anachu/.m2/repository/com/google/guava/listenablefuture/9999.0-empty-to-avoid-conflict-with-guava/listenablefuture-9999.0-empty-to-avoid-conflict-with-guava.jar:/Users/anachu/.m2/repository/org/checkerframework/checker-qual/2.5.2/checker-qual-2.5.2.jar:/Users/anachu/.m2/repository/com/google/errorprone/error_prone_annotations/2.2.0/error_prone_annotations-2.2.0.jar:/Users/anachu/.m2/repository/com/google/j2objc/j2objc-annotations/1.1/j2objc-annotations-1.1.jar:/Users/anachu/.m2/repository/org/codehaus/mojo/animal-sniffer-annotations/1.17/animal-sniffer-annotations-1.17.jar:/Users/anachu/.m2/repository/commons-configuration/commons-configuration/1.10/commons-configuration-1.10.jar:/Users/anachu/.m2/repository/commons-lang/commons-lang/2.6/commons-lang-2.6.jar:/Users/anachu/.m2/repository/commons-logging/commons-logging/1.1.1/commons-logging-1.1.1.jar:/Users/anachu/.m2/repository/com/github/javafaker/javafaker/1.0.2/javafaker-1.0.2.jar:/Users/anachu/.m2/repository/org/yaml/snakeyaml/1.23/snakeyaml-1.23-android.jar:/Users/anachu/.m2/repository/com/github/mifmif/generex/1.0.2/generex-1.0.2.jar:/Users/anachu/.m2/repository/dk/brics/automaton/automaton/1.11-8/automaton-1.11-8.jar:"/>
    <property name="sun.cpu.endian" value="little"/>
    <property name="user.home" value="/Users/anachu"/>
    <property name="user.language" value="en"/>
    <property name="java.specification.vendor" value="Oracle Corporation"/>
    <property name="java.version.date" value="2022-04-19"/>
    <property name="java.home" value="/usr/local/Cellar/openjdk/18.0.1/libexec/openjdk.jdk/Contents/Home"/>
    <property name="file.separator" value="/"/>
    <property name="basedir" value="/Users/anachu/Documents/IdeaProjects/API_LAB"/>
    <property name="java.vm.compressedOopsMode" value="Zero based"/>
    <property name="line.separator" value="&#10;"/>
    <property name="java.vm.specification.vendor" value="Oracle Corporation"/>
    <property name="java.specification.name" value="Java Platform API Specification"/>
    <property name="apple.awt.application.name" value="ForkedBooter"/>
    <property name="surefire.real.class.path" value="/Users/anachu/Documents/IdeaProjects/API_LAB/target/surefire/surefirebooter8363376132160915395.jar"/>
    <property name="sun.management.compiler" value="HotSpot 64-Bit Tiered Compilers"/>
    <property name="java.runtime.version" value="18.0.1+0"/>
    <property name="user.name" value="anachu"/>
    <property name="path.separator" value=":"/>
    <property name="gatling.skip" value="true"/>
    <property name="os.version" value="12.4"/>
    <property name="java.runtime.name" value="OpenJDK Runtime Environment"/>
    <property name="file.encoding" value="UTF-8"/>
    <property name="java.vm.name" value="OpenJDK 64-Bit Server VM"/>
    <property name="java.vendor.version" value="Homebrew"/>
    <property name="localRepository" value="/Users/anachu/.m2/repository"/>
    <property name="java.vendor.url.bug" value="https://github.com/Homebrew/homebrew-core/issues"/>
    <property name="java.io.tmpdir" value="/var/folders/zj/lfr34ljn6dd6dbjkp_7s8wxc0000gp/T/"/>
    <property name="java.version" value="18.0.1"/>
    <property name="user.dir" value="/Users/anachu/Documents/IdeaProjects/API_LAB"/>
    <property name="os.arch" value="x86_64"/>
    <property name="java.vm.specification.name" value="Java Virtual Machine Specification"/>
    <property name="native.encoding" value="UTF-8"/>
    <property name="java.library.path" value="/Users/anachu/Library/Java/Extensions:/Library/Java/Extensions:/Network/Library/Java/Extensions:/System/Library/Java/Extensions:/usr/lib/java:."/>
    <property name="java.vm.info" value="mixed mode, sharing"/>
    <property name="java.vendor" value="Homebrew"/>
    <property name="java.vm.version" value="18.0.1+0"/>
    <property name="sun.io.unicode.encoding" value="UnicodeBig"/>
    <property name="java.class.version" value="62.0"/>
  </properties>
  <testcase name="testall[1][1]" classname="KarateTest" time="0.171"/>
  <testcase name="testall[1][2]" classname="KarateTest" time="0.132"/>
  <testcase name="testall[1][3]" classname="KarateTest" time="0.125"/>
  <testcase name="testall[1][4]" classname="KarateTest" time="0.121"/>
  <testcase name="testall[1][5]" classname="KarateTest" time="0.124"/>
  <testcase name="testall[1][6]" classname="KarateTest" time="0.124"/>
  <testcase name="testall[1][7]" classname="KarateTest" time="0.119"/>
  <testcase name="testall[1][8]" classname="KarateTest" time="0.129">
    <failure message="js failed:&#10;&gt;&gt;&gt;&gt;&#10;01: convertedDate.dateConvert(response_data)&#10;&lt;&lt;&lt;&lt;&#10;org.graalvm.polyglot.PolyglotException: TypeError: Cannot read property &quot;length&quot; from undefined&#10;- &lt;js&gt;.:anonymous(Unnamed:2)&#10;&#10;classpath:Karate/Features/Vehicle/GET_MapVehicleDetails.feature:28" type="org.opentest4j.AssertionFailedError"><![CDATA[org.opentest4j.AssertionFailedError: 
js failed:
>>>>
01: convertedDate.dateConvert(response_data)
<<<<
org.graalvm.polyglot.PolyglotException: TypeError: Cannot read property "length" from undefined
- <js>.:anonymous(Unnamed:2)

classpath:Karate/Features/Vehicle/GET_MapVehicleDetails.feature:28
]]></failure>
    <system-out><![CDATA[12:17:55.196 [main] INFO com.intuit.karate - Environment is:  null 
12:17:55.197 [main] DEBUG org.apache.http.client.protocol.RequestAddCookies - CookieSpec selected: karate
12:17:55.197 [main] DEBUG org.apache.http.client.protocol.RequestAuthCache - Auth cache not set in the context
12:17:55.197 [main] DEBUG com.intuit.karate - request:
1 > GET http://localhost:8500/data/MOOSE368/details
1 > Host: localhost:8500
1 > Connection: Keep-Alive
1 > User-Agent: Apache-HttpClient/4.5.12 (Java/18.0.1)
1 > Accept-Encoding: gzip,deflate


12:17:55.197 [main] DEBUG org.apache.http.impl.conn.PoolingHttpClientConnectionManager - Connection request: [route: {}->http://localhost:8500][total available: 0; route allocated: 0 of 5; total allocated: 0 of 10]
12:17:55.197 [main] DEBUG org.apache.http.impl.conn.PoolingHttpClientConnectionManager - Connection leased: [id: 17][route: {}->http://localhost:8500][total available: 0; route allocated: 1 of 5; total allocated: 1 of 10]
12:17:55.197 [main] DEBUG org.apache.http.impl.execchain.MainClientExec - Opening connection {}->http://localhost:8500
12:17:55.197 [main] DEBUG org.apache.http.impl.conn.DefaultHttpClientConnectionOperator - Connecting to localhost/127.0.0.1:8500
12:17:55.198 [main] DEBUG org.apache.http.impl.conn.DefaultHttpClientConnectionOperator - Connection established 127.0.0.1:65397<->127.0.0.1:8500
12:17:55.198 [main] DEBUG org.apache.http.impl.conn.DefaultManagedHttpClientConnection - http-outgoing-17: set socket timeout to 30000
12:17:55.198 [main] DEBUG org.apache.http.impl.execchain.MainClientExec - Executing request GET /data/MOOSE368/details HTTP/1.1
12:17:55.198 [main] DEBUG org.apache.http.impl.execchain.MainClientExec - Target auth state: UNCHALLENGED
12:17:55.198 [main] DEBUG org.apache.http.impl.execchain.MainClientExec - Proxy auth state: UNCHALLENGED
12:17:55.198 [main] DEBUG org.apache.http.headers - http-outgoing-17 >> GET /data/MOOSE368/details HTTP/1.1
12:17:55.198 [main] DEBUG org.apache.http.headers - http-outgoing-17 >> Host: localhost:8500
12:17:55.198 [main] DEBUG org.apache.http.headers - http-outgoing-17 >> Connection: Keep-Alive
12:17:55.198 [main] DEBUG org.apache.http.headers - http-outgoing-17 >> User-Agent: Apache-HttpClient/4.5.12 (Java/18.0.1)
12:17:55.198 [main] DEBUG org.apache.http.headers - http-outgoing-17 >> Accept-Encoding: gzip,deflate
12:17:55.198 [main] DEBUG org.apache.http.wire - http-outgoing-17 >> "GET /data/MOOSE368/details HTTP/1.1[\r][\n]"
12:17:55.198 [main] DEBUG org.apache.http.wire - http-outgoing-17 >> "Host: localhost:8500[\r][\n]"
12:17:55.198 [main] DEBUG org.apache.http.wire - http-outgoing-17 >> "Connection: Keep-Alive[\r][\n]"
12:17:55.198 [main] DEBUG org.apache.http.wire - http-outgoing-17 >> "User-Agent: Apache-HttpClient/4.5.12 (Java/18.0.1)[\r][\n]"
12:17:55.198 [main] DEBUG org.apache.http.wire - http-outgoing-17 >> "Accept-Encoding: gzip,deflate[\r][\n]"
12:17:55.198 [main] DEBUG org.apache.http.wire - http-outgoing-17 >> "[\r][\n]"
12:17:55.250 [main] DEBUG org.apache.http.wire - http-outgoing-17 << "HTTP/1.1 200 OK[\r][\n]"
12:17:55.250 [main] DEBUG org.apache.http.wire - http-outgoing-17 << "Content-Length: 411[\r][\n]"
12:17:55.250 [main] DEBUG org.apache.http.wire - http-outgoing-17 << "Content-Type: application/json; charset=utf-8[\r][\n]"
12:17:55.250 [main] DEBUG org.apache.http.wire - http-outgoing-17 << "Date: 2022-06-28T02:17:55Z[\r][\n]"
12:17:55.250 [main] DEBUG org.apache.http.wire - http-outgoing-17 << "[\r][\n]"
12:17:55.250 [main] DEBUG org.apache.http.wire - http-outgoing-17 << "{"year":"2001","make":"PETERBILT","model":"385","transmission":"Auto","odometer":"236212","rego":"MOOSE368","state":"North Carolina","addressModel":[{"addressType":"Postal","address1":"8304 Jenkins Trail","address2":"","state":"Vermont","postcode":"78572-5250","country":"USA"},{"addressType":"Residential","address1":"3345 Herman Trail","address2":"","state":"Alaska","postcode":"89981-0486","country":"USA"}]}"
12:17:55.250 [main] DEBUG org.apache.http.headers - http-outgoing-17 << HTTP/1.1 200 OK
12:17:55.250 [main] DEBUG org.apache.http.headers - http-outgoing-17 << Content-Length: 411
12:17:55.250 [main] DEBUG org.apache.http.headers - http-outgoing-17 << Content-Type: application/json; charset=utf-8
12:17:55.250 [main] DEBUG org.apache.http.headers - http-outgoing-17 << Date: 2022-06-28T02:17:55Z
12:17:55.250 [main] DEBUG org.apache.http.impl.execchain.MainClientExec - Connection can be kept alive indefinitely
12:17:55.250 [main] DEBUG org.apache.http.impl.conn.PoolingHttpClientConnectionManager - Connection [id: 17][route: {}->http://localhost:8500] can be kept alive indefinitely
12:17:55.250 [main] DEBUG org.apache.http.impl.conn.DefaultManagedHttpClientConnection - http-outgoing-17: set socket timeout to 0
12:17:55.250 [main] DEBUG org.apache.http.impl.conn.PoolingHttpClientConnectionManager - Connection released: [id: 17][route: {}->http://localhost:8500][total available: 1; route allocated: 1 of 5; total allocated: 1 of 10]
12:17:55.250 [main] DEBUG com.intuit.karate - response time in milliseconds: 53
1 < 200
1 < Content-Length: 411
1 < Content-Type: application/json; charset=utf-8
1 < Date: 2022-06-28T02:17:55Z
{"year":"2001","make":"PETERBILT","model":"385","transmission":"Auto","odometer":"236212","rego":"MOOSE368","state":"North Carolina","addressModel":[{"addressType":"Postal","address1":"8304 Jenkins Trail","address2":"","state":"Vermont","postcode":"78572-5250","country":"USA"},{"addressType":"Residential","address1":"3345 Herman Trail","address2":"","state":"Alaska","postcode":"89981-0486","country":"USA"}]}

12:17:55.251 [main] DEBUG com.jayway.jsonpath.internal.path.CompiledPath - Evaluating path: $['owner'][*]['dob']
12:17:55.252 [main] DEBUG org.apache.http.client.protocol.RequestAddCookies - CookieSpec selected: karate
12:17:55.252 [main] DEBUG org.apache.http.client.protocol.RequestAuthCache - Auth cache not set in the context
12:17:55.252 [main] DEBUG com.intuit.karate - request:
2 > GET http://localhost:8500/vehicle/MOOSE368/details
2 > Host: localhost:8500
2 > Connection: Keep-Alive
2 > User-Agent: Apache-HttpClient/4.5.12 (Java/18.0.1)
2 > Accept-Encoding: gzip,deflate


12:17:55.252 [main] DEBUG org.apache.http.impl.conn.PoolingHttpClientConnectionManager - Connection request: [route: {}->http://localhost:8500][total available: 0; route allocated: 0 of 5; total allocated: 0 of 10]
12:17:55.252 [main] DEBUG org.apache.http.impl.conn.PoolingHttpClientConnectionManager - Connection leased: [id: 18][route: {}->http://localhost:8500][total available: 0; route allocated: 1 of 5; total allocated: 1 of 10]
12:17:55.252 [main] DEBUG org.apache.http.impl.execchain.MainClientExec - Opening connection {}->http://localhost:8500
12:17:55.252 [main] DEBUG org.apache.http.impl.conn.DefaultHttpClientConnectionOperator - Connecting to localhost/127.0.0.1:8500
12:17:55.252 [main] DEBUG org.apache.http.impl.conn.DefaultHttpClientConnectionOperator - Connection established 127.0.0.1:65398<->127.0.0.1:8500
12:17:55.252 [main] DEBUG org.apache.http.impl.conn.DefaultManagedHttpClientConnection - http-outgoing-18: set socket timeout to 30000
12:17:55.252 [main] DEBUG org.apache.http.impl.execchain.MainClientExec - Executing request GET /vehicle/MOOSE368/details HTTP/1.1
12:17:55.252 [main] DEBUG org.apache.http.impl.execchain.MainClientExec - Target auth state: UNCHALLENGED
12:17:55.252 [main] DEBUG org.apache.http.impl.execchain.MainClientExec - Proxy auth state: UNCHALLENGED
12:17:55.253 [main] DEBUG org.apache.http.headers - http-outgoing-18 >> GET /vehicle/MOOSE368/details HTTP/1.1
12:17:55.253 [main] DEBUG org.apache.http.headers - http-outgoing-18 >> Host: localhost:8500
12:17:55.253 [main] DEBUG org.apache.http.headers - http-outgoing-18 >> Connection: Keep-Alive
12:17:55.253 [main] DEBUG org.apache.http.headers - http-outgoing-18 >> User-Agent: Apache-HttpClient/4.5.12 (Java/18.0.1)
12:17:55.253 [main] DEBUG org.apache.http.headers - http-outgoing-18 >> Accept-Encoding: gzip,deflate
12:17:55.253 [main] DEBUG org.apache.http.wire - http-outgoing-18 >> "GET /vehicle/MOOSE368/details HTTP/1.1[\r][\n]"
12:17:55.253 [main] DEBUG org.apache.http.wire - http-outgoing-18 >> "Host: localhost:8500[\r][\n]"
12:17:55.253 [main] DEBUG org.apache.http.wire - http-outgoing-18 >> "Connection: Keep-Alive[\r][\n]"
12:17:55.253 [main] DEBUG org.apache.http.wire - http-outgoing-18 >> "User-Agent: Apache-HttpClient/4.5.12 (Java/18.0.1)[\r][\n]"
12:17:55.253 [main] DEBUG org.apache.http.wire - http-outgoing-18 >> "Accept-Encoding: gzip,deflate[\r][\n]"
12:17:55.253 [main] DEBUG org.apache.http.wire - http-outgoing-18 >> "[\r][\n]"
12:17:55.303 [main] DEBUG org.apache.http.wire - http-outgoing-18 << "HTTP/1.1 200 OK[\r][\n]"
12:17:55.303 [main] DEBUG org.apache.http.wire - http-outgoing-18 << "Content-Length: 489[\r][\n]"
12:17:55.303 [main] DEBUG org.apache.http.wire - http-outgoing-18 << "Content-Type: application/json; charset=utf-8[\r][\n]"
12:17:55.303 [main] DEBUG org.apache.http.wire - http-outgoing-18 << "Date: 2022-06-28T02:17:55Z[\r][\n]"
12:17:55.303 [main] DEBUG org.apache.http.wire - http-outgoing-18 << "[\r][\n]"
12:17:55.303 [main] DEBUG org.apache.http.wire - http-outgoing-18 << "{"message":"ok","data":{"vehicle":{"year":"2001","make":"PETERBILT","model":"385","transmission":"Auto","odometer":"236212"},"registration":{"registrationNumber":"MOOSE368","state":"North Carolina","address":[{"addressType":"Postal","addressLine1":"8304 Jenkins Trail","addressLine2":"","postcode":"78572-5250","state":"Vermont","country":"USA"},{"addressType":"Residential","addressLine1":"3345 Herman Trail","addressLine2":"","postcode":"89981-0486","state":"Alaska","country":"USA"}]}}}"
12:17:55.303 [main] DEBUG org.apache.http.headers - http-outgoing-18 << HTTP/1.1 200 OK
12:17:55.303 [main] DEBUG org.apache.http.headers - http-outgoing-18 << Content-Length: 489
12:17:55.303 [main] DEBUG org.apache.http.headers - http-outgoing-18 << Content-Type: application/json; charset=utf-8
12:17:55.303 [main] DEBUG org.apache.http.headers - http-outgoing-18 << Date: 2022-06-28T02:17:55Z
12:17:55.303 [main] DEBUG org.apache.http.impl.execchain.MainClientExec - Connection can be kept alive indefinitely
12:17:55.303 [main] DEBUG org.apache.http.impl.conn.PoolingHttpClientConnectionManager - Connection [id: 18][route: {}->http://localhost:8500] can be kept alive indefinitely
12:17:55.303 [main] DEBUG org.apache.http.impl.conn.DefaultManagedHttpClientConnection - http-outgoing-18: set socket timeout to 0
12:17:55.303 [main] DEBUG org.apache.http.impl.conn.PoolingHttpClientConnectionManager - Connection released: [id: 18][route: {}->http://localhost:8500][total available: 1; route allocated: 1 of 5; total allocated: 1 of 10]
12:17:55.303 [main] DEBUG com.intuit.karate - response time in milliseconds: 51
2 < 200
2 < Content-Length: 489
2 < Content-Type: application/json; charset=utf-8
2 < Date: 2022-06-28T02:17:55Z
{"message":"ok","data":{"vehicle":{"year":"2001","make":"PETERBILT","model":"385","transmission":"Auto","odometer":"236212"},"registration":{"registrationNumber":"MOOSE368","state":"North Carolina","address":[{"addressType":"Postal","addressLine1":"8304 Jenkins Trail","addressLine2":"","postcode":"78572-5250","state":"Vermont","country":"USA"},{"addressType":"Residential","addressLine1":"3345 Herman Trail","addressLine2":"","postcode":"89981-0486","state":"Alaska","country":"USA"}]}}}

12:17:55.316 [main] ERROR com.intuit.karate - classpath:Karate/Features/Vehicle/GET_MapVehicleDetails.feature:28
* def responseDoB = convertedDate.dateConvert(response_data)
js failed:
>>>>
01: convertedDate.dateConvert(response_data)
<<<<
org.graalvm.polyglot.PolyglotException: TypeError: Cannot read property "length" from undefined
- <js>.:anonymous(Unnamed:2)

classpath:Karate/Features/Vehicle/GET_MapVehicleDetails.feature:28
]]></system-out>
  </testcase>
  <testcase name="testall[1][9]" classname="KarateTest" time="0.118"/>
  <testcase name="testall[1][10]" classname="KarateTest" time="0.124"/>
  <testcase name="testall[1][11]" classname="KarateTest" time="0.117"/>
  <testcase name="testall[1][12]" classname="KarateTest" time="0.117"/>
  <testcase name="testall[1][13]" classname="KarateTest" time="0.116"/>
  <testcase name="testall[1][14]" classname="KarateTest" time="0.116"/>
  <testcase name="testall[1][15]" classname="KarateTest" time="0.12"/>
  <testcase name="testall[1][16]" classname="KarateTest" time="0.117"/>
  <testcase name="testall[1][17]" classname="KarateTest" time="0.116"/>
  <testcase name="testall[1][18]" classname="KarateTest" time="0.116"/>
  <testcase name="testall[1][19]" classname="KarateTest" time="0.115"/>
  <testcase name="testall[1][20]" classname="KarateTest" time="0.116"/>
  <testcase name="testall[1][21]" classname="KarateTest" time="0.116"/>
  <testcase name="testall[1][22]" classname="KarateTest" time="0.117"/>
  <testcase name="testall[1][23]" classname="KarateTest" time="0.114"/>
  <testcase name="testall[1][24]" classname="KarateTest" time="0.137"/>
  <testcase name="testall[1][25]" classname="KarateTest" time="0.161"/>
  <testcase name="testall[1][26]" classname="KarateTest" time="0.119"/>
  <testcase name="testall[1][27]" classname="KarateTest" time="0.115"/>
  <testcase name="testall[1][28]" classname="KarateTest" time="0.113"/>
  <testcase name="testall[1][29]" classname="KarateTest" time="0.115"/>
  <testcase name="testall[1][30]" classname="KarateTest" time="0.114"/>
  <testcase name="testall[1][31]" classname="KarateTest" time="0.112"/>
  <testcase name="testall[1][32]" classname="KarateTest" time="0.115"/>
  <testcase name="testall[1][33]" classname="KarateTest" time="0.116"/>
  <testcase name="testall[1][34]" classname="KarateTest" time="0.127"/>
  <testcase name="testall[1][35]" classname="KarateTest" time="0.118"/>
  <testcase name="testall[1][36]" classname="KarateTest" time="0.116"/>
  <testcase name="testall[1][37]" classname="KarateTest" time="0.119"/>
  <testcase name="testall[1][38]" classname="KarateTest" time="0.118"/>
  <testcase name="testall[1][39]" classname="KarateTest" time="0.12"/>
  <testcase name="testall[1][40]" classname="KarateTest" time="0.112"/>
  <testcase name="testall[1][41]" classname="KarateTest" time="0.121"/>
  <testcase name="testall[1][42]" classname="KarateTest" time="0.113"/>
  <testcase name="testall[1][43]" classname="KarateTest" time="0.127"/>
  <testcase name="testall[1][44]" classname="KarateTest" time="0.106"/>
  <testcase name="testall[1][45]" classname="KarateTest" time="0.116"/>
  <testcase name="testall[1][46]" classname="KarateTest" time="0.112"/>
  <testcase name="testall[1][47]" classname="KarateTest" time="0.112"/>
  <testcase name="testall[1][48]" classname="KarateTest" time="0.12"/>
  <testcase name="testall[1][49]" classname="KarateTest" time="0.124"/>
  <testcase name="testall[1][50]" classname="KarateTest" time="1.873"/>
  <testcase name="testall[2][1]" classname="KarateTest" time="0.061"/>
  <testcase name="testall[2][2]" classname="KarateTest" time="0.058"/>
  <testcase name="testall[2][3]" classname="KarateTest" time="0.056"/>
  <testcase name="testall[2][4]" classname="KarateTest" time="0.055"/>
  <testcase name="testall[2][5]" classname="KarateTest" time="0.058"/>
  <testcase name="testall[2][6]" classname="KarateTest" time="0.058"/>
  <testcase name="testall[2][7]" classname="KarateTest" time="0.06"/>
  <testcase name="testall[2][8]" classname="KarateTest" time="0.057"/>
  <testcase name="testall[2][9]" classname="KarateTest" time="0.054"/>
  <testcase name="testall[2][10]" classname="KarateTest" time="0.056"/>
  <testcase name="testall[2][11]" classname="KarateTest" time="0.054"/>
  <testcase name="testall[2][12]" classname="KarateTest" time="0.054"/>
  <testcase name="testall[2][13]" classname="KarateTest" time="0.055"/>
  <testcase name="testall[2][14]" classname="KarateTest" time="0.056"/>
  <testcase name="testall[2][15]" classname="KarateTest" time="0.055"/>
  <testcase name="testall[2][16]" classname="KarateTest" time="0.065"/>
  <testcase name="testall[2][17]" classname="KarateTest" time="0.077"/>
  <testcase name="testall[2][18]" classname="KarateTest" time="0.069"/>
  <testcase name="testall[2][19]" classname="KarateTest" time="0.097"/>
  <testcase name="testall[2][20]" classname="KarateTest" time="0.071"/>
  <testcase name="testall[2][21]" classname="KarateTest" time="0.065"/>
  <testcase name="testall[2][22]" classname="KarateTest" time="0.055"/>
  <testcase name="testall[2][23]" classname="KarateTest" time="0.056"/>
  <testcase name="testall[2][24]" classname="KarateTest" time="0.057"/>
  <testcase name="testall[2][25]" classname="KarateTest" time="0.062"/>
  <testcase name="testall[2][26]" classname="KarateTest" time="0.057"/>
  <testcase name="testall[2][27]" classname="KarateTest" time="0.061"/>
  <testcase name="testall[2][28]" classname="KarateTest" time="0.056"/>
  <testcase name="testall[2][29]" classname="KarateTest" time="0.058"/>
  <testcase name="testall[2][30]" classname="KarateTest" time="0.055"/>
  <testcase name="testall[2][31]" classname="KarateTest" time="0.054"/>
  <testcase name="testall[2][32]" classname="KarateTest" time="0.055"/>
  <testcase name="testall[2][33]" classname="KarateTest" time="0.055"/>
  <testcase name="testall[2][34]" classname="KarateTest" time="0.056"/>
  <testcase name="testall[2][35]" classname="KarateTest" time="0.055"/>
  <testcase name="testall[2][36]" classname="KarateTest" time="0.055"/>
  <testcase name="testall[2][37]" classname="KarateTest" time="0.056"/>
  <testcase name="testall[2][38]" classname="KarateTest" time="0.055"/>
  <testcase name="testall[2][39]" classname="KarateTest" time="0.056"/>
  <testcase name="testall[2][40]" classname="KarateTest" time="0.056"/>
  <testcase name="testall[2][41]" classname="KarateTest" time="0.056"/>
  <testcase name="testall[2][42]" classname="KarateTest" time="0.055"/>
  <testcase name="testall[2][43]" classname="KarateTest" time="0.055"/>
  <testcase name="testall[2][44]" classname="KarateTest" time="0.055"/>
  <testcase name="testall[2][45]" classname="KarateTest" time="0.054"/>
  <testcase name="testall[2][46]" classname="KarateTest" time="0.055"/>
  <testcase name="testall[2][47]" classname="KarateTest" time="0.057"/>
  <testcase name="testall[2][48]" classname="KarateTest" time="0.06"/>
  <testcase name="testall[2][49]" classname="KarateTest" time="0.059"/>
  <testcase name="testall[2][50]" classname="KarateTest" time="0.115"/>
  <testcase name="testall[2][51]" classname="KarateTest" time="0.056"/>
  <testcase name="testall[2][52]" classname="KarateTest" time="0.054"/>
  <testcase name="testall[2][53]" classname="KarateTest" time="0.055"/>
  <testcase name="testall[2][54]" classname="KarateTest" time="0.059"/>
  <testcase name="testall[2][55]" classname="KarateTest" time="0.057"/>
  <testcase name="testall[2][56]" classname="KarateTest" time="0.058"/>
  <testcase name="testall[2][57]" classname="KarateTest" time="0.057"/>
  <testcase name="testall[2][58]" classname="KarateTest" time="0.058"/>
  <testcase name="testall[2][59]" classname="KarateTest" time="0.054"/>
  <testcase name="testall[2][60]" classname="KarateTest" time="0.054"/>
  <testcase name="testall[2][61]" classname="KarateTest" time="0.054"/>
  <testcase name="testall[2][62]" classname="KarateTest" time="0.055"/>
  <testcase name="testall[2][63]" classname="KarateTest" time="0.057"/>
  <testcase name="testall[2][64]" classname="KarateTest" time="0.054"/>
  <testcase name="testall[2][65]" classname="KarateTest" time="0.053"/>
  <testcase name="testall[2][66]" classname="KarateTest" time="0.054"/>
  <testcase name="testall[2][67]" classname="KarateTest" time="0.054"/>
  <testcase name="testall[2][68]" classname="KarateTest" time="0.054"/>
  <testcase name="testall[2][69]" classname="KarateTest" time="0.053"/>
  <testcase name="testall[2][70]" classname="KarateTest" time="0.054"/>
  <testcase name="testall[2][71]" classname="KarateTest" time="0.054"/>
  <testcase name="testall[2][72]" classname="KarateTest" time="0.055"/>
  <testcase name="testall[2][73]" classname="KarateTest" time="0.053"/>
  <testcase name="testall[2][74]" classname="KarateTest" time="0.053"/>
  <testcase name="testall[2][75]" classname="KarateTest" time="0.054"/>
  <testcase name="testall[2][76]" classname="KarateTest" time="0.054"/>
  <testcase name="testall[2][77]" classname="KarateTest" time="0.054"/>
  <testcase name="testall[2][78]" classname="KarateTest" time="0.056"/>
  <testcase name="testall[2][79]" classname="KarateTest" time="0.056"/>
  <testcase name="testall[2][80]" classname="KarateTest" time="0.054"/>
  <testcase name="testall[2][81]" classname="KarateTest" time="0.056"/>
  <testcase name="testall[2][82]" classname="KarateTest" time="0.054"/>
  <testcase name="testall[2][83]" classname="KarateTest" time="0.055"/>
  <testcase name="testall[2][84]" classname="KarateTest" time="0.053"/>
  <testcase name="testall[2][85]" classname="KarateTest" time="0.056"/>
  <testcase name="testall[2][86]" classname="KarateTest" time="0.054"/>
  <testcase name="testall[2][87]" classname="KarateTest" time="0.056"/>
  <testcase name="testall[2][88]" classname="KarateTest" time="0.055"/>
  <testcase name="testall[2][89]" classname="KarateTest" time="0.053"/>
  <testcase name="testall[2][90]" classname="KarateTest" time="0.054"/>
  <testcase name="testall[2][91]" classname="KarateTest" time="0.057"/>
  <testcase name="testall[2][92]" classname="KarateTest" time="0.053"/>
  <testcase name="testall[2][93]" classname="KarateTest" time="0.057"/>
  <testcase name="testall[2][94]" classname="KarateTest" time="0.054"/>
  <testcase name="testall[2][95]" classname="KarateTest" time="0.055"/>
  <testcase name="testall[2][96]" classname="KarateTest" time="0.053"/>
  <testcase name="testall[2][97]" classname="KarateTest" time="0.053"/>
  <testcase name="testall[2][98]" classname="KarateTest" time="0.054"/>
  <testcase name="testall[2][99]" classname="KarateTest" time="0.054"/>
  <testcase name="testall[2][100]" classname="KarateTest" time="0.054"/>
  <testcase name="testall[2][101]" classname="KarateTest" time="0.607"/>
  <testcase name="testall[3][1]" classname="KarateTest" time="0.058"/>
  <testcase name="testall[3][2]" classname="KarateTest" time="0.053"/>
  <testcase name="testall[3][3]" classname="KarateTest" time="0.054"/>
  <testcase name="testall[3][4]" classname="KarateTest" time="0.055"/>
  <testcase name="testall[3][5]" classname="KarateTest" time="0.056"/>
  <testcase name="testall[3][6]" classname="KarateTest" time="0.054"/>
  <testcase name="testall[3][7]" classname="KarateTest" time="0.054"/>
  <testcase name="testall[3][8]" classname="KarateTest" time="0.056"/>
  <testcase name="testall[3][9]" classname="KarateTest" time="0.054"/>
  <testcase name="testall[3][10]" classname="KarateTest" time="0.053"/>
  <testcase name="testall[3][11]" classname="KarateTest" time="0.054"/>
  <testcase name="testall[3][12]" classname="KarateTest" time="0.054"/>
  <testcase name="testall[3][13]" classname="KarateTest" time="0.055"/>
  <testcase name="testall[3][14]" classname="KarateTest" time="0.054"/>
  <testcase name="testall[3][15]" classname="KarateTest" time="0.057"/>
  <testcase name="testall[3][16]" classname="KarateTest" time="0.055"/>
  <testcase name="testall[3][17]" classname="KarateTest" time="0.054"/>
  <testcase name="testall[3][18]" classname="KarateTest" time="0.055"/>
  <testcase name="testall[3][19]" classname="KarateTest" time="0.053"/>
  <testcase name="testall[3][20]" classname="KarateTest" time="0.054"/>
  <testcase name="testall[3][21]" classname="KarateTest" time="0.053"/>
  <testcase name="testall[3][22]" classname="KarateTest" time="0.056"/>
  <testcase name="testall[3][23]" classname="KarateTest" time="0.06"/>
  <testcase name="testall[3][24]" classname="KarateTest" time="0.063"/>
  <testcase name="testall[3][25]" classname="KarateTest" time="0.056"/>
  <testcase name="testall[3][26]" classname="KarateTest" time="0.056"/>
  <testcase name="testall[3][27]" classname="KarateTest" time="0.055"/>
  <testcase name="testall[3][28]" classname="KarateTest" time="0.055"/>
  <testcase name="testall[3][29]" classname="KarateTest" time="0.056"/>
  <testcase name="testall[3][30]" classname="KarateTest" time="0.058"/>
  <testcase name="testall[3][31]" classname="KarateTest" time="0.059"/>
  <testcase name="testall[3][32]" classname="KarateTest" time="0.053"/>
  <testcase name="testall[3][33]" classname="KarateTest" time="0.056"/>
  <testcase name="testall[3][34]" classname="KarateTest" time="0.059"/>
  <testcase name="testall[3][35]" classname="KarateTest" time="0.054"/>
  <testcase name="testall[3][36]" classname="KarateTest" time="0.054"/>
  <testcase name="testall[3][37]" classname="KarateTest" time="0.055"/>
  <testcase name="testall[3][38]" classname="KarateTest" time="0.053"/>
  <testcase name="testall[3][39]" classname="KarateTest" time="0.062"/>
  <testcase name="testall[3][40]" classname="KarateTest" time="0.055"/>
  <testcase name="testall[3][41]" classname="KarateTest" time="0.053"/>
  <testcase name="testall[3][42]" classname="KarateTest" time="0.063"/>
  <testcase name="testall[3][43]" classname="KarateTest" time="0.052"/>
  <testcase name="testall[3][44]" classname="KarateTest" time="0.053"/>
  <testcase name="testall[3][45]" classname="KarateTest" time="0.055"/>
  <testcase name="testall[3][46]" classname="KarateTest" time="0.053"/>
  <testcase name="testall[3][47]" classname="KarateTest" time="0.054"/>
  <testcase name="testall[3][48]" classname="KarateTest" time="0.054"/>
  <testcase name="testall[3][49]" classname="KarateTest" time="0.055"/>
  <testcase name="testall[3][50]" classname="KarateTest" time="0.281"/>
  <testcase name="testall[4][1]" classname="KarateTest" time="0.042"/>
  <testcase name="testall[5][1]" classname="KarateTest" time="0.138"/>
</testsuite>